<?xml version="1.0" encoding="UTF-8"?>
<!-- Generated by org.testng.reporters.JUnitXMLReporter -->
<testsuite ignored="3" hostname="HP" failures="0" tests="1" name="grouping" time="5.715" errors="0" timestamp="2025-06-24T12:34:44 IST">
  <testcase classname="MainPackage.LoginTest" name="loginWithInvalidUsernameAndValidPassword" time="0.613"/>
  <testcase classname="MainPackage.LoginTest" name="loginWithMultipleCredentials" time="0.0">
    <ignored/>
  </testcase> <!-- loginWithMultipleCredentials -->
  <testcase classname="MainPackage.LoginTest" name="loginWithinCorrectCredentials" time="0.0">
    <ignored/>
  </testcase> <!-- loginWithinCorrectCredentials -->
  <testcase classname="MainPackage.LoginTest" name="loginWithParameters" time="0.0">
    <ignored/>
  </testcase> <!-- loginWithParameters -->
</testsuite> <!-- grouping -->
