<?xml version="1.0" encoding="UTF-8"?>
<testng-results ignored="0" total="1" passed="1" failed="0" skipped="0">
  <reporter-output>
  </reporter-output>
  <suite started-at="2025-06-24T12:34:38 IST" name="Suite" finished-at="2025-06-24T12:34:44 IST" duration-ms="5715">
    <groups>
      <group name="smoketesting">
        <method signature="LoginTest.loginWithInvalidUsernameAndValidPassword()[pri:0, instance:MainPackage.LoginTest@175c2241]" name="loginWithInvalidUsernameAndValidPassword" class="MainPackage.LoginTest"/>
      </group> <!-- smoketesting -->
    </groups>
    <test started-at="2025-06-24T12:34:38 IST" name="grouping" finished-at="2025-06-24T12:34:44 IST" duration-ms="5715">
      <class name="MainPackage.LoginTest">
        <test-method is-config="true" signature="beforeMethod(java.lang.String)[pri:0, instance:MainPackage.LoginTest@175c2241]" started-at="2025-06-24T12:34:38 IST" name="beforeMethod" finished-at="2025-06-24T12:34:43 IST" duration-ms="4621" status="PASS">
          <params>
            <param index="0">
              <value>
                <![CDATA[chrome]]>
              </value>
            </param>
          </params>
          <reporter-output>
          </reporter-output>
        </test-method> <!-- beforeMethod -->
        <test-method signature="loginWithInvalidUsernameAndValidPassword()[pri:0, instance:MainPackage.LoginTest@175c2241]" started-at="2025-06-24T12:34:43 IST" name="loginWithInvalidUsernameAndValidPassword" finished-at="2025-06-24T12:34:43 IST" duration-ms="613" status="PASS">
          <reporter-output>
          </reporter-output>
        </test-method> <!-- loginWithInvalidUsernameAndValidPassword -->
        <test-method is-config="true" signature="afterMethod(org.testng.ITestResult)[pri:0, instance:MainPackage.LoginTest@175c2241]" started-at="2025-06-24T12:34:43 IST" name="afterMethod" finished-at="2025-06-24T12:34:44 IST" duration-ms="374" status="PASS">
          <params>
            <param index="0">
              <value>
                <![CDATA[[TestResult name=loginWithInvalidUsernameAndValidPassword status=SUCCESS method=LoginTest.loginWithInvalidUsernameAndValidPassword()[pri:0, instance:MainPackage.LoginTest@175c2241] output={null}]]]>
              </value>
            </param>
          </params>
          <reporter-output>
          </reporter-output>
        </test-method> <!-- afterMethod -->
      </class> <!-- MainPackage.LoginTest -->
    </test> <!-- grouping -->
  </suite> <!-- Suite -->
</testng-results>
